<?xml version="1.0" encoding="UTF-8"?>
<!-- Generated by org.testng.reporters.JUnitXMLReporter -->
<testsuite ignored="0" hostname="DESKTOP-257U7K8" failures="1" tests="2" name="Test" time="5.892" errors="0" timestamp="2026-02-12T13:27:21 IST">
  <testcase classname="Tests.LoginTest" name="verifySuccessfullLogin" time="0.533"/>
  <testcase classname="Tests.LoginTest" name="ErrorMessageForInvalidLogin" time="0.559">
    <failure type="java.lang.AssertionError" message="expected [Epic sadFace: sorry, this user has been locked out] but found [Epic sadface: Username and password do not match any user in this service]">
      <![CDATA[java.lang.AssertionError: expected [Epic sadFace: sorry, this user has been locked out] but found [Epic sadface: Username and password do not match any user in this service]
at Tests.LoginTest.ErrorMessageForInvalidLogin(LoginTest.java:48)
at java.base/java.util.ArrayList.forEach(ArrayList.java:1596)
... Removed 35 stack frames]]>
    </failure>
  </testcase> <!-- ErrorMessageForInvalidLogin -->
</testsuite> <!-- Test -->
